\BOOKMARK [1][-]{section.1}{\332vod}{}% 1
\BOOKMARK [2][-]{subsection.1.1}{Pou\236it\351 pojmy a skratky}{section.1}% 2
\BOOKMARK [1][-]{section.2}{Anal\375za hier s \372celom}{}% 3
\BOOKMARK [2][-]{subsection.2.1}{Anal\375za hier na z\355skavanie a valid\341ciu vztahov medzi slovami}{section.2}% 4
\BOOKMARK [3][-]{subsubsection.2.1.1}{Little Search Game}{subsection.2.1}% 5
\BOOKMARK [3][-]{subsubsection.2.1.2}{Dal\235ia podsekcia}{subsection.2.1}% 6
\BOOKMARK [1][-]{section.3}{N\341vrh, \235pecifik\341cia po\236iadaviek a pod.}{}% 7
\BOOKMARK [1][-]{section.4}{Testovanie}{}% 8
\BOOKMARK [2][-]{subsection.4.1}{Podnadpis}{section.4}% 9
\BOOKMARK [3][-]{subsubsection.4.1.1}{Nizsi podnadpis}{subsection.4.1}% 10
\BOOKMARK [1][-]{section.5}{Zhodnotenie}{}% 11
\BOOKMARK [2][-]{subsection.5.1}{Mo\236n\351 vylep\235enia}{section.5}% 12
\BOOKMARK [1][-]{subsection.5.1}{Literat\372ra}{}% 13
\BOOKMARK [1][-]{appendix.A}{Technick\341 dokument\341cia}{}% 14
\BOOKMARK [1][-]{appendix.B}{Pou\236\355vatelsk\341 dokument\341cia}{}% 15
\BOOKMARK [2][-]{subsection.B.1}{In\235talacn\341 pr\355rucka}{appendix.B}% 16
\BOOKMARK [3][-]{subsubsection.B.1.1}{Nadpis1}{subsection.B.1}% 17
\BOOKMARK [3][-]{subsubsection.B.1.2}{Nadpis2}{subsection.B.1}% 18
\BOOKMARK [2][-]{subsection.B.2}{Pou\236\355vatelsk\341 pr\355rucka}{appendix.B}% 19
\BOOKMARK [3][-]{subsubsection.B.2.1}{Nadpis3}{subsection.B.2}% 20
\BOOKMARK [1][-]{appendix.C}{Elektronick\351 m\351dium}{}% 21
